<?xml version="1.0" encoding="UTF-8"?>
<!-- Generated by org.testng.reporters.JUnitReportReporter -->
<testsuite hostname="DESKTOP-9CC3CAT" failures="0" tests="4" name="api.test.UserTests2" time="6.971" errors="0" timestamp="2023-03-02T05:35:35 PST" skipped="0">
  <testcase classname="api.test.UserTests2" name="testPostUser" time="3.775"/>
  <system-out/>
  <testcase classname="api.test.UserTests2" name="testGetUserByName" time="0.830"/>
  <system-out/>
  <testcase classname="api.test.UserTests2" name="testUpdateUserByName" time="1.549"/>
  <system-out/>
  <testcase classname="api.test.UserTests2" name="testDeleteUserByName" time="0.817"/>
  <system-out/>
</testsuite> <!-- api.test.UserTests2 -->
