<?xml version="1.0" encoding="UTF-8"?>
<!-- Generated by org.testng.reporters.JUnitReportReporter -->
<testsuite hostname="DESKTOP-9CC3CAT" failures="0" tests="4" name="api.test.UserTests" time="7.123" errors="0" timestamp="2023-03-02T04:16:18 PST" skipped="0">
  <testcase classname="api.test.UserTests" name="testPostUser" time="3.771"/>
  <system-out/>
  <testcase classname="api.test.UserTests" name="testGetUserByName" time="0.954"/>
  <system-out/>
  <testcase classname="api.test.UserTests" name="testUpdateUserByName" time="1.579"/>
  <system-out/>
  <testcase classname="api.test.UserTests" name="testDeleteUserByName" time="0.819"/>
  <system-out/>
</testsuite> <!-- api.test.UserTests -->
